2017-07-20 16:32:29.436  INFO 5708 --- [main] com.company.project.Application          : Starting Application on DESKTOP-FU7CKIG with PID 5708 (E:\gitprodemo\springbootAll\project-seed\target\classes started by yushi in E:\gitprodemo\springbootAll\project-seed)
2017-07-20 16:32:29.443  INFO 5708 --- [main] com.company.project.Application          : The following profiles are active: dev
2017-07-20 16:32:29.667  INFO 5708 --- [main] ationConfigEmbeddedWebApplicationContext : Refreshing org.springframework.boot.context.embedded.AnnotationConfigEmbeddedWebApplicationContext@67080771: startup date [Thu Jul 20 16:32:29 CST 2017]; root of context hierarchy
2017-07-20 16:32:32.207  WARN 5708 --- [main] o.s.c.a.ConfigurationClassPostProcessor  : Cannot enhance @Configuration bean definition 'mybatisConfigurer' since its singleton instance has been created too early. The typical cause is a non-static @Bean method with a BeanDefinitionRegistryPostProcessor return type: Consider declaring such methods as 'static'.
2017-07-20 16:32:34.276  INFO 5708 --- [main] s.b.c.e.t.TomcatEmbeddedServletContainer : Tomcat initialized with port(s): 8080 (http)
2017-07-20 16:32:34.303  INFO 5708 --- [main] o.apache.catalina.core.StandardService   : Starting service [Tomcat]
2017-07-20 16:32:34.305  INFO 5708 --- [main] org.apache.catalina.core.StandardEngine  : Starting Servlet Engine: Apache Tomcat/8.5.15
2017-07-20 16:32:34.513  INFO 5708 --- [localhost-startStop-1] o.a.c.c.C.[Tomcat].[localhost].[/]       : Initializing Spring embedded WebApplicationContext
2017-07-20 16:32:34.514  INFO 5708 --- [localhost-startStop-1] o.s.web.context.ContextLoader            : Root WebApplicationContext: initialization completed in 4877 ms
2017-07-20 16:32:35.178  INFO 5708 --- [localhost-startStop-1] o.s.b.w.servlet.ServletRegistrationBean  : Mapping servlet: 'dispatcherServlet' to [/]
2017-07-20 16:32:35.181  INFO 5708 --- [localhost-startStop-1] o.s.b.w.servlet.ServletRegistrationBean  : Mapping servlet: 'statViewServlet' to [/druid/*]
2017-07-20 16:32:35.189  INFO 5708 --- [localhost-startStop-1] o.s.b.w.servlet.FilterRegistrationBean   : Mapping filter: 'characterEncodingFilter' to: [/*]
2017-07-20 16:32:35.200  INFO 5708 --- [localhost-startStop-1] o.s.b.w.servlet.FilterRegistrationBean   : Mapping filter: 'hiddenHttpMethodFilter' to: [/*]
2017-07-20 16:32:35.202  INFO 5708 --- [localhost-startStop-1] o.s.b.w.servlet.FilterRegistrationBean   : Mapping filter: 'httpPutFormContentFilter' to: [/*]
2017-07-20 16:32:35.203  INFO 5708 --- [localhost-startStop-1] o.s.b.w.servlet.FilterRegistrationBean   : Mapping filter: 'requestContextFilter' to: [/*]
2017-07-20 16:32:35.204  INFO 5708 --- [localhost-startStop-1] o.s.b.w.servlet.FilterRegistrationBean   : Mapping filter: 'webStatFilter' to urls: [/*]
2017-07-20 16:32:37.484  INFO 5708 --- [main] s.w.s.m.m.a.RequestMappingHandlerAdapter : Looking for @ControllerAdvice: org.springframework.boot.context.embedded.AnnotationConfigEmbeddedWebApplicationContext@67080771: startup date [Thu Jul 20 16:32:29 CST 2017]; root of context hierarchy
2017-07-20 16:32:37.674  INFO 5708 --- [main] s.w.s.m.m.a.RequestMappingHandlerMapping : Mapped "{[/usertest/add],methods=[POST]}" onto public com.company.project.core.Result com.company.project.web.UsertestController.add(com.company.project.model.Usertest)
2017-07-20 16:32:37.676  INFO 5708 --- [main] s.w.s.m.m.a.RequestMappingHandlerMapping : Mapped "{[/usertest/update],methods=[POST]}" onto public com.company.project.core.Result com.company.project.web.UsertestController.update(com.company.project.model.Usertest)
2017-07-20 16:32:37.677  INFO 5708 --- [main] s.w.s.m.m.a.RequestMappingHandlerMapping : Mapped "{[/usertest/delete],methods=[POST]}" onto public com.company.project.core.Result com.company.project.web.UsertestController.delete(java.lang.Integer)
2017-07-20 16:32:37.678  INFO 5708 --- [main] s.w.s.m.m.a.RequestMappingHandlerMapping : Mapped "{[/usertest/list],methods=[POST]}" onto public com.company.project.core.Result com.company.project.web.UsertestController.list(java.lang.Integer,java.lang.Integer)
2017-07-20 16:32:37.679  INFO 5708 --- [main] s.w.s.m.m.a.RequestMappingHandlerMapping : Mapped "{[/usertest/detail],methods=[POST]}" onto public com.company.project.core.Result com.company.project.web.UsertestController.detail(java.lang.Integer)
2017-07-20 16:32:37.684  INFO 5708 --- [main] s.w.s.m.m.a.RequestMappingHandlerMapping : Mapped "{[/error]}" onto public org.springframework.http.ResponseEntity<java.util.Map<java.lang.String, java.lang.Object>> org.springframework.boot.autoconfigure.web.BasicErrorController.error(javax.servlet.http.HttpServletRequest)
2017-07-20 16:32:37.685  INFO 5708 --- [main] s.w.s.m.m.a.RequestMappingHandlerMapping : Mapped "{[/error],produces=[text/html]}" onto public org.springframework.web.servlet.ModelAndView org.springframework.boot.autoconfigure.web.BasicErrorController.errorHtml(javax.servlet.http.HttpServletRequest,javax.servlet.http.HttpServletResponse)
2017-07-20 16:32:37.932  INFO 5708 --- [main] o.s.w.s.handler.SimpleUrlHandlerMapping  : Mapped URL path [/**/favicon.ico] onto handler of type [class org.springframework.web.servlet.resource.ResourceHttpRequestHandler]
2017-07-20 16:32:39.036  INFO 5708 --- [main] o.s.j.e.a.AnnotationMBeanExporter        : Registering beans for JMX exposure on startup
2017-07-20 16:32:39.041  INFO 5708 --- [main] o.s.j.e.a.AnnotationMBeanExporter        : Bean with name 'dataSource' has been autodetected for JMX exposure
2017-07-20 16:32:39.055  INFO 5708 --- [main] o.s.j.e.a.AnnotationMBeanExporter        : Located MBean 'dataSource': registering with JMX server as MBean [com.alibaba.druid.pool:name=dataSource,type=DruidDataSource]
2017-07-20 16:32:39.254  INFO 5708 --- [main] s.b.c.e.t.TomcatEmbeddedServletContainer : Tomcat started on port(s): 8080 (http)
2017-07-20 16:32:39.265  INFO 5708 --- [main] com.company.project.Application          : Started Application in 10.719 seconds (JVM running for 11.919)
2017-07-20 16:32:46.329  INFO 5708 --- [http-nio-8080-exec-10] o.a.c.c.C.[Tomcat].[localhost].[/]       : Initializing Spring FrameworkServlet 'dispatcherServlet'
2017-07-20 16:32:46.330  INFO 5708 --- [http-nio-8080-exec-10] o.s.web.servlet.DispatcherServlet        : FrameworkServlet 'dispatcherServlet': initialization started
2017-07-20 16:32:46.380  INFO 5708 --- [http-nio-8080-exec-10] o.s.web.servlet.DispatcherServlet        : FrameworkServlet 'dispatcherServlet': initialization completed in 50 ms
2017-07-20 16:32:46.574  INFO 5708 --- [http-nio-8080-exec-10] com.alibaba.druid.pool.DruidDataSource   : {dataSource-1} inited
